Started GET "/map" for ::1 at 2023-04-25 17:42:29 -0400
  [1m[36mActiveRecord::SchemaMigration Pluck (0.4ms)[0m  [1m[34mSELECT `schema_migrations`.`version` FROM `schema_migrations` ORDER BY `schema_migrations`.`version` ASC[0m
Processing by MapController#show as HTML
  Rendering layout layouts/application.html.erb
  Rendering map/show.html.erb within layouts/application
  Rendered map/show.html.erb within layouts/application (Duration: 0.6ms | Allocations: 524)
  Rendered layout layouts/application.html.erb (Duration: 131.1ms | Allocations: 106482)
Completed 200 OK in 137ms (Views: 132.8ms | ActiveRecord: 0.0ms | Allocations: 110343)


Started GET "/map" for ::1 at 2023-04-25 17:42:43 -0400
Processing by MapController#show as HTML
  Rendering layout layouts/application.html.erb
  Rendering map/show.html.erb within layouts/application
  Rendered map/show.html.erb within layouts/application (Duration: 0.1ms | Allocations: 9)
  Rendered layout layouts/application.html.erb (Duration: 15.7ms | Allocations: 10979)
Completed 200 OK in 28ms (Views: 20.9ms | ActiveRecord: 0.0ms | Allocations: 11530)


Started GET "/map" for ::1 at 2023-04-25 17:43:39 -0400
Processing by MapController#show as HTML
  Rendering layout layouts/application.html.erb
  Rendering map/show.html.erb within layouts/application
  Rendered map/show.html.erb within layouts/application (Duration: 0.1ms | Allocations: 7)
  Rendered layout layouts/application.html.erb (Duration: 54.7ms | Allocations: 20586)
Completed 200 OK in 57ms (Views: 55.4ms | ActiveRecord: 0.0ms | Allocations: 21008)


Started GET "/map" for ::1 at 2023-04-25 17:44:22 -0400
Processing by MapController#show as HTML
  Rendering layout layouts/application.html.erb
  Rendering map/show.html.erb within layouts/application
  Rendered map/show.html.erb within layouts/application (Duration: 0.1ms | Allocations: 7)
  Rendered layout layouts/application.html.erb (Duration: 48.9ms | Allocations: 20468)
Completed 200 OK in 51ms (Views: 49.6ms | ActiveRecord: 0.0ms | Allocations: 20905)


Started GET "/map" for ::1 at 2023-04-25 17:44:29 -0400
Processing by MapController#show as HTML
  Rendering layout layouts/application.html.erb
  Rendering map/show.html.erb within layouts/application
  Rendered map/show.html.erb within layouts/application (Duration: 0.1ms | Allocations: 7)
  Rendered layout layouts/application.html.erb (Duration: 38.2ms | Allocations: 20546)
Completed 200 OK in 41ms (Views: 39.0ms | ActiveRecord: 0.0ms | Allocations: 21007)


Started GET "/map" for ::1 at 2023-04-25 17:47:35 -0400
Processing by MapController#show as HTML
  Rendering layout layouts/application.html.erb
  Rendering map/show.html.erb within layouts/application
  Rendered map/show.html.erb within layouts/application (Duration: 0.1ms | Allocations: 7)
  Rendered layout layouts/application.html.erb (Duration: 47.1ms | Allocations: 20706)
Completed 200 OK in 52ms (Views: 47.5ms | ActiveRecord: 0.0ms | Allocations: 21137)


Started GET "/map" for ::1 at 2023-04-25 17:48:05 -0400
Processing by MapController#show as HTML
  Rendering layout layouts/application.html.erb
  Rendering map/show.html.erb within layouts/application
  Rendered map/show.html.erb within layouts/application (Duration: 0.1ms | Allocations: 7)
  Rendered layout layouts/application.html.erb (Duration: 51.0ms | Allocations: 20717)
Completed 200 OK in 54ms (Views: 51.7ms | ActiveRecord: 0.0ms | Allocations: 21153)


Started GET "/map" for ::1 at 2023-04-25 17:48:37 -0400
Processing by MapController#show as HTML
  Rendering layout layouts/application.html.erb
  Rendering map/show.html.erb within layouts/application
  Rendered map/show.html.erb within layouts/application (Duration: 0.7ms | Allocations: 7)
  Rendered layout layouts/application.html.erb (Duration: 48.4ms | Allocations: 20517)
Completed 200 OK in 56ms (Views: 50.1ms | Allocations: 20938)


